<?xml version="1.0" encoding="UTF-8"?>
<!-- Generated by org.testng.reporters.JUnitReportReporter -->
<testsuite hostname="DESKTOP-BLPUS12" name="TestRunner.TestRunner" tests="1" failures="0" timestamp="4 Apr 2019 16:07:03 GMT" time="0.346" errors="0">
  <testcase name="feature" time="0.346" classname="TestRunner.TestRunner"/>
</testsuite> <!-- TestRunner.TestRunner -->
