<?xml version="1.0" encoding="UTF-8"?>
<!-- Generated by org.testng.reporters.JUnitReportReporter -->
<testsuite hostname="DESKTOP-BLPUS12" name="TestRunner.TestRunner" tests="1" failures="0" timestamp="22 May 2019 11:11:47 GMT" time="22.385" errors="0">
  <testcase name="feature" time="22.385" classname="TestRunner.TestRunner"/>
</testsuite> <!-- TestRunner.TestRunner -->
