<?xml version="1.0" encoding="UTF-8"?>
<!-- Generated by org.testng.reporters.JUnitReportReporter -->
<testsuite hostname="DESKTOP-BLPUS12" name="TestRunner.TestRunner" tests="1" failures="0" timestamp="20 May 2019 12:09:34 GMT" time="0.308" errors="0">
  <testcase name="feature" time="0.308" classname="TestRunner.TestRunner"/>
</testsuite> <!-- TestRunner.TestRunner -->
